<?xml version="1.0" encoding="UTF-8"?>
<testsuite xmlns:xsi="http://www.w3.org/2001/XMLSchema-instance" xsi:noNamespaceSchemaLocation="https://maven.apache.org/surefire/maven-surefire-plugin/xsd/surefire-test-report.xsd" name="com.mebank.apiteam.transactionAnalyses.TransactionAppTest" time="0.213" tests="3" errors="0" skipped="0" failures="0">
  <properties>
[...]
</properties>
  <testcase name="testGetFilteredTransactions" classname="com.mebank.apiteam.transactionAnalyses.TransactionAppTest" time="0.194"/>
  <testcase name="testAggregateTransaction" classname="com.mebank.apiteam.transactionAnalyses.TransactionAppTest" time="0.007"/>
  <testcase name="testGetFilteredTransactionNoMatchingRecord" classname="com.mebank.apiteam.transactionAnalyses.TransactionAppTest" time="0.005"/>
</testsuite>